\BOOKMARK [1][-]{section.1}{Liaisons chimiques}{}% 1
\BOOKMARK [2][-]{subsection.1.1}{Introduction}{section.1}% 2
\BOOKMARK [2][-]{subsection.1.2}{Des atomes aux mol\351cules}{section.1}% 3
\BOOKMARK [3][-]{subsubsection.1.2.1}{Liaisons covalentes}{subsection.1.2}% 4
\BOOKMARK [3][-]{subsubsection.1.2.2}{G\351om\351trie}{subsection.1.2}% 5
\BOOKMARK [3][-]{subsubsection.1.2.3}{\311nergies de liaisons}{subsection.1.2}% 6
\BOOKMARK [3][-]{subsubsection.1.2.4}{Liaisons polaris\351es}{subsection.1.2}% 7
\BOOKMARK [2][-]{subsection.1.3}{Des atomes et mol\351cules aux solides et phases condens\351es}{section.1}% 8
\BOOKMARK [3][-]{subsubsection.1.3.1}{Liaisons ioniques}{subsection.1.3}% 9
\BOOKMARK [2][-]{subsection.1.4}{Liaisons hydrog\350nes}{section.1}% 10
\BOOKMARK [3][-]{subsubsection.1.4.1}{Liaisons de Van der Waals}{subsection.1.4}% 11
\BOOKMARK [2][-]{subsection.1.5}{Conclusion}{section.1}% 12
\BOOKMARK [1][-]{section.2}{Energie chimique}{}% 13
\BOOKMARK [2][-]{subsection.2.1}{Introduction}{section.2}% 14
\BOOKMARK [2][-]{subsection.2.2}{\311volution des r\351actions / G\351n\351ralit\351s}{section.2}% 15
\BOOKMARK [3][-]{subsubsection.2.2.1}{R\351actions forc\351es ou spontan\351es}{subsection.2.2}% 16
\BOOKMARK [3][-]{subsubsection.2.2.2}{G\351n\351ralit\351s autour de la conversion et du stockage}{subsection.2.2}% 17
\BOOKMARK [2][-]{subsection.2.3}{Exemple de r\351acion spontan\351e : pile}{section.2}% 18
\BOOKMARK [3][-]{subsubsection.2.3.1}{Pile Daniell}{subsection.2.3}% 19
\BOOKMARK [3][-]{subsubsection.2.3.2}{Mesure de la fem}{subsection.2.3}% 20
\BOOKMARK [2][-]{subsection.2.4}{Exemple de r\351action forc\351e : \351lectrolyse de l\220eau}{section.2}% 21
\BOOKMARK [3][-]{subsubsection.2.4.1}{Principe}{subsection.2.4}% 22
\BOOKMARK [3][-]{subsubsection.2.4.2}{Mise en oeuvre}{subsection.2.4}% 23
\BOOKMARK [1][-]{section.3}{Structure spatiale des mol\351cules}{}% 24
\BOOKMARK [2][-]{subsection.3.1}{Introduction}{section.3}% 25
\BOOKMARK [2][-]{subsection.3.2}{Repr\351sentation spatiale et g\351om\351trie des mol\351cules}{section.3}% 26
\BOOKMARK [3][-]{subsubsection.3.2.1}{Repr\351sentation de Cram}{subsection.3.2}% 27
\BOOKMARK [3][-]{subsubsection.3.2.2}{Th\351orie VSEPR}{subsection.3.2}% 28
\BOOKMARK [2][-]{subsection.3.3}{Chiralit\351 et carbone asym\351trique}{section.3}% 29
\BOOKMARK [2][-]{subsection.3.4}{St\351r\351oisom\350res}{section.3}% 30
\BOOKMARK [3][-]{subsubsection.3.4.1}{Enantiom\350res}{subsection.3.4}% 31
\BOOKMARK [3][-]{subsubsection.3.4.2}{Diast\351r\351oisom\350res}{subsection.3.4}% 32
\BOOKMARK [2][-]{subsection.3.5}{Conclusion}{section.3}% 33
\BOOKMARK [1][-]{section.4}{Acides et bases}{}% 34
\BOOKMARK [2][-]{subsection.4.1}{R\351actions acido-basiques}{section.4}% 35
\BOOKMARK [3][-]{subsubsection.4.1.1}{Acides et bases de Br\366nsted}{subsection.4.1}% 36
\BOOKMARK [3][-]{subsubsection.4.1.2}{R\351action par \351change de protons}{subsection.4.1}% 37
\BOOKMARK [3][-]{subsubsection.4.1.3}{Echelle de pH}{subsection.4.1}% 38
\BOOKMARK [2][-]{subsection.4.2}{Application}{section.4}% 39
\BOOKMARK [3][-]{subsubsection.4.2.1}{Indicateur color\351s}{subsection.4.2}% 40
\BOOKMARK [3][-]{subsubsection.4.2.2}{Titrage du vinaigre}{subsection.4.2}% 41
\BOOKMARK [1][-]{section.5}{Oxydants et r\351ducteurs}{}% 42
\BOOKMARK [2][-]{subsection.5.1}{Oxydants et r\351ducteurs}{section.5}% 43
\BOOKMARK [3][-]{subsubsection.5.1.1}{Caract\350re oxydant ou r\351ducteur d'une esp\350ce}{subsection.5.1}% 44
\BOOKMARK [3][-]{subsubsection.5.1.2}{Nombre d'oxydation}{subsection.5.1}% 45
\BOOKMARK [2][-]{subsection.5.2}{Transfert \351lectronique et piles}{section.5}% 46
\BOOKMARK [3][-]{subsubsection.5.2.1}{Pile Daniell}{subsection.5.2}% 47
\BOOKMARK [3][-]{subsubsection.5.2.2}{Electrode et transferts \351lectronique}{subsection.5.2}% 48
\BOOKMARK [3][-]{subsubsection.5.2.3}{Potentiel redox et fem de la pile}{subsection.5.2}% 49
\BOOKMARK [1][-]{section.6}{Chimie analytique quantitative et fiabilit\351}{}% 50
\BOOKMARK [2][-]{subsection.6.1}{Dosage par \351talonnage conductim\351trique}{section.6}% 51
\BOOKMARK [3][-]{subsubsection.6.1.1}{Principe : loi de Kohlrausch}{subsection.6.1}% 52
\BOOKMARK [3][-]{subsubsection.6.1.2}{Mise en oeuvre exp\351rimentale}{subsection.6.1}% 53
\BOOKMARK [2][-]{subsection.6.2}{Dosage par titrage}{section.6}% 54
\BOOKMARK [3][-]{subsubsection.6.2.1}{Titrage colorim\351trique}{subsection.6.2}% 55
\BOOKMARK [3][-]{subsubsection.6.2.2}{Equivalence}{subsection.6.2}% 56
\BOOKMARK [3][-]{subsubsection.6.2.3}{Titrage conductim\351trique}{subsection.6.2}% 57
\BOOKMARK [1][-]{section.7}{Evolution spontan\351e d'un syst\350me chimique}{}% 58
\BOOKMARK [2][-]{subsection.7.1}{Equilibre et crit\350re d'\351volution spontan\351e}{section.7}% 59
\BOOKMARK [3][-]{subsubsection.7.1.1}{Transformation totale ou non totale}{subsection.7.1}% 60
\BOOKMARK [3][-]{subsubsection.7.1.2}{Quotient de r\351action et constante d'\351quilibre}{subsection.7.1}% 61
\BOOKMARK [3][-]{subsubsection.7.1.3}{Evolution spontan\351e d'un syst\350me chimique}{subsection.7.1}% 62
\BOOKMARK [2][-]{subsection.7.2}{Transfert spontan\351 d'\351lectron et oxydo-r\351duction}{section.7}% 63
\BOOKMARK [3][-]{subsubsection.7.2.1}{Transfert direct et indirect d'\351lectrons}{subsection.7.2}% 64
\BOOKMARK [3][-]{subsubsection.7.2.2}{Constitution d'une pile}{subsection.7.2}% 65
\BOOKMARK [3][-]{subsubsection.7.2.3}{Fonctionnement d'une pile}{subsection.7.2}% 66
\BOOKMARK [1][-]{section.8}{Cin\351tique et catalyse}{}% 67
\BOOKMARK [2][-]{subsection.8.1}{Dur\351e d'une r\351action et facteurs cin\351tiques}{section.8}% 68
\BOOKMARK [3][-]{subsubsection.8.1.1}{R\351action lente et r\351action rapide}{subsection.8.1}% 69
\BOOKMARK [3][-]{subsubsection.8.1.2}{Facteurs cin\351tiques}{subsection.8.1}% 70
\BOOKMARK [2][-]{subsection.8.2}{Suivi cin\351tique}{section.8}% 71
\BOOKMARK [3][-]{subsubsection.8.2.1}{Principe}{subsection.8.2}% 72
\BOOKMARK [3][-]{subsubsection.8.2.2}{Par spectophotom\351trie}{subsection.8.2}% 73
\BOOKMARK [2][-]{subsection.8.3}{Catalyse}{section.8}% 74
\BOOKMARK [3][-]{subsubsection.8.3.1}{D\351finition}{subsection.8.3}% 75
\BOOKMARK [3][-]{subsubsection.8.3.2}{Types de catalyse}{subsection.8.3}% 76
\BOOKMARK [1][-]{section.9}{Synth\350se chimique : aspect macroscopique et m\351canisme r\351actionnel}{}% 77
\BOOKMARK [2][-]{subsection.9.1}{Aspects macroscopiques}{section.9}% 78
\BOOKMARK [3][-]{subsubsection.9.1.1}{Modification de groupe}{subsection.9.1}% 79
\BOOKMARK [3][-]{subsubsection.9.1.2}{Grandes cat\351gories de r\351actions}{subsection.9.1}% 80
\BOOKMARK [3][-]{subsubsection.9.1.3}{Mise en oeuvre et aspects cin\351tiques}{subsection.9.1}% 81
\BOOKMARK [2][-]{subsection.9.2}{Mod\351lisation microscopique}{section.9}% 82
\BOOKMARK [3][-]{subsubsection.9.2.1}{Site donneur et site accepteur}{subsection.9.2}% 83
\BOOKMARK [3][-]{subsubsection.9.2.2}{M\351canisme r\351actionnel}{subsection.9.2}% 84
\BOOKMARK [2][-]{subsection.9.3}{Interpr\351tation microscopique de l'influence des facteurs cin\351tiques}{section.9}% 85
\BOOKMARK [3][-]{subsubsection.9.3.1}{Ajout de catalyseur}{subsection.9.3}% 86
\BOOKMARK [3][-]{subsubsection.9.3.2}{Influence de la temp\351rature}{subsection.9.3}% 87
\BOOKMARK [1][-]{section.10}{S\351parations, purifications et contr\364les de puret\351}{}% 88
\BOOKMARK [2][-]{subsection.10.1}{S\351parations}{section.10}% 89
\BOOKMARK [3][-]{subsubsection.10.1.1}{S\351paration liquide-liquide}{subsection.10.1}% 90
\BOOKMARK [3][-]{subsubsection.10.1.2}{S\351paration liquide-solide}{subsection.10.1}% 91
\BOOKMARK [2][-]{subsection.10.2}{Identification et contr\364le de puret\351}{section.10}% 92
\BOOKMARK [3][-]{subsubsection.10.2.1}{CCM}{subsection.10.2}% 93
\BOOKMARK [3][-]{subsubsection.10.2.2}{Temp\351rature de fusion}{subsection.10.2}% 94
\BOOKMARK [3][-]{subsubsection.10.2.3}{Autres m\351thodes}{subsection.10.2}% 95
\BOOKMARK [2][-]{subsection.10.3}{Purification}{section.10}% 96
\BOOKMARK [3][-]{subsubsection.10.3.1}{Purification des solides}{subsection.10.3}% 97
\BOOKMARK [3][-]{subsubsection.10.3.2}{Purification des liquides}{subsection.10.3}% 98
\BOOKMARK [1][-]{section.11}{Distillation et diagrammes binaires}{}% 99
\BOOKMARK [2][-]{subsection.11.1}{M\351langes binaires}{section.11}% 100
\BOOKMARK [3][-]{subsubsection.11.1.1}{D\351finition}{subsection.11.1}% 101
\BOOKMARK [3][-]{subsubsection.11.1.2}{Analyse thermique}{subsection.11.1}% 102
\BOOKMARK [2][-]{subsection.11.2}{Diagramme binaire isobare}{section.11}% 103
\BOOKMARK [3][-]{subsubsection.11.2.1}{Fraction molaire et fractions massique}{subsection.11.2}% 104
\BOOKMARK [3][-]{subsubsection.11.2.2}{Construction du diagramme}{subsection.11.2}% 105
\BOOKMARK [3][-]{subsubsection.11.2.3}{Utilisation du diagramme}{subsection.11.2}% 106
\BOOKMARK [2][-]{subsection.11.3}{Application \340 la distillation}{section.11}% 107
\BOOKMARK [3][-]{subsubsection.11.3.1}{Distillation simple}{subsection.11.3}% 108
\BOOKMARK [3][-]{subsubsection.11.3.2}{Distillation fractionn\351e}{subsection.11.3}% 109
\BOOKMARK [1][-]{section.12}{Caract\351risation par spectroscopie en synth\350se organique}{}% 110
\BOOKMARK [2][-]{subsection.12.1}{Spectroscopie UV-visible}{section.12}% 111
\BOOKMARK [2][-]{subsection.12.2}{Spectroscopie infrarouge}{section.12}% 112
\BOOKMARK [2][-]{subsection.12.3}{Spectroscopie RMN}{section.12}% 113
\BOOKMARK [1][-]{section.13}{Strat\351gie de synth\350se}{}% 114
\BOOKMARK [2][-]{subsection.13.1}{Choix du protocole}{section.13}% 115
\BOOKMARK [2][-]{subsection.13.2}{Optimisation de la vitesse de formation des produits}{section.13}% 116
\BOOKMARK [2][-]{subsection.13.3}{Optimisation de la quantit\351 de produit form\351}{section.13}% 117
\BOOKMARK [2][-]{subsection.13.4}{Optimisation de la s\351lectivit\351}{section.13}% 118
\BOOKMARK [3][-]{subsubsection.13.4.1}{Synth\350se s\351lective}{subsection.13.4}% 119
\BOOKMARK [3][-]{subsubsection.13.4.2}{Protection et d\351protection de groupes fonctionnels}{subsection.13.4}% 120
\BOOKMARK [1][-]{section.14}{Mol\351cules d'inter\352t biologique}{}% 121
\BOOKMARK [2][-]{subsection.14.1}{Mol\351cules du vivant}{section.14}% 122
\BOOKMARK [2][-]{subsection.14.2}{Mol\351cule de synth\350se : m\351dicament}{section.14}% 123
\BOOKMARK [2][-]{subsection.14.3}{Produit d\351sinfectant}{section.14}% 124
\BOOKMARK [1][-]{section.15}{Solvants}{}% 125
\BOOKMARK [2][-]{subsection.15.1}{Caract\351ristiques des solvants et dissolution}{section.15}% 126
\BOOKMARK [3][-]{subsubsection.15.1.1}{Moment dipolaire et ionisation}{subsection.15.1}% 127
\BOOKMARK [3][-]{subsubsection.15.1.2}{Permittivit\351 relative et dissociation}{subsection.15.1}% 128
\BOOKMARK [3][-]{subsubsection.15.1.3}{Solvatation et proticit\351}{subsection.15.1}% 129
\BOOKMARK [3][-]{subsubsection.15.1.4}{Cat\351gories de solvants}{subsection.15.1}% 130
\BOOKMARK [2][-]{subsection.15.2}{Miscibilit\351 et solubilit\351}{section.15}% 131
\BOOKMARK [3][-]{subsubsection.15.2.1}{Miscibilit\351}{subsection.15.2}% 132
\BOOKMARK [3][-]{subsubsection.15.2.2}{Coefficient de partage}{subsection.15.2}% 133
\BOOKMARK [2][-]{subsection.15.3}{Applications : Extraction liquide-liquide}{section.15}% 134
\BOOKMARK [1][-]{section.16}{Classification p\351riodique}{}% 135
\BOOKMARK [2][-]{subsection.16.1}{Construction du tableau}{section.16}% 136
\BOOKMARK [3][-]{subsubsection.16.1.1}{Histoire}{subsection.16.1}% 137
\BOOKMARK [3][-]{subsubsection.16.1.2}{Classification actuelle}{subsection.16.1}% 138
\BOOKMARK [2][-]{subsection.16.2}{Lien avec la structure \351lectronique}{section.16}% 139
\BOOKMARK [2][-]{subsection.16.3}{Propri\351t\351s atomiques}{section.16}% 140
\BOOKMARK [3][-]{subsubsection.16.3.1}{Energie d'ionisation et affinit\351 \351lectronique}{subsection.16.3}% 141
\BOOKMARK [3][-]{subsubsection.16.3.2}{Electron\351gativit\351}{subsection.16.3}% 142
\BOOKMARK [3][-]{subsubsection.16.3.3}{Rayon atomique}{subsection.16.3}% 143
\BOOKMARK [2][-]{subsection.16.4}{Propri\351t\351s physiques et chimiques}{section.16}% 144
\BOOKMARK [3][-]{subsubsection.16.4.1}{R\351duction}{subsection.16.4}% 145
\BOOKMARK [3][-]{subsubsection.16.4.2}{Oxydation}{subsection.16.4}% 146
\BOOKMARK [1][-]{section.17}{Solides cristallins}{}% 147
\BOOKMARK [2][-]{subsection.17.1}{Des observations au mod\350le}{section.17}% 148
\BOOKMARK [3][-]{subsubsection.17.1.1}{Observations}{subsection.17.1}% 149
\BOOKMARK [3][-]{subsubsection.17.1.2}{D\351finition}{subsection.17.1}% 150
\BOOKMARK [3][-]{subsubsection.17.1.3}{Mod\350le du cristal parfait}{subsection.17.1}% 151
\BOOKMARK [2][-]{subsection.17.2}{Diff\351rents types de cristaux}{section.17}% 152
\BOOKMARK [3][-]{subsubsection.17.2.1}{Energie de liaison}{subsection.17.2}% 153
\BOOKMARK [3][-]{subsubsection.17.2.2}{Taille de liaison}{subsection.17.2}% 154
\BOOKMARK [2][-]{subsection.17.3}{Compacit\351}{section.17}% 155
\BOOKMARK [3][-]{subsubsection.17.3.1}{Mod\350le des sph\350res dures}{subsection.17.3}% 156
\BOOKMARK [3][-]{subsubsection.17.3.2}{Coordinence et compacit\351}{subsection.17.3}% 157
\BOOKMARK [3][-]{subsubsection.17.3.3}{Formes allotropes}{subsection.17.3}% 158
\BOOKMARK [1][-]{section.18}{Corps purs et m\351langes binaires}{}% 159
\BOOKMARK [2][-]{subsection.18.1}{Changement d'\351tat du corps pur}{section.18}% 160
\BOOKMARK [3][-]{subsubsection.18.1.1}{Equilibre pour un corps pur diphas\351s}{subsection.18.1}% 161
\BOOKMARK [3][-]{subsubsection.18.1.2}{Variance d'un syst\350me}{subsection.18.1}% 162
\BOOKMARK [3][-]{subsubsection.18.1.3}{Courbe d'analyse thermique}{subsection.18.1}% 163
\BOOKMARK [2][-]{subsection.18.2}{Changement d'\351tat d'un m\351lange miscible}{section.18}% 164
\BOOKMARK [3][-]{subsubsection.18.2.1}{Courbe d'analyse thermique}{subsection.18.2}% 165
\BOOKMARK [3][-]{subsubsection.18.2.2}{Diagramme binaire isobare d'un m\351lange id\351al}{subsection.18.2}% 166
\BOOKMARK [3][-]{subsubsection.18.2.3}{Exploitation des diagrammes}{subsection.18.2}% 167
\BOOKMARK [3][-]{subsubsection.18.2.4}{M\351lange non id\351al}{subsection.18.2}% 168
\BOOKMARK [2][-]{subsection.18.3}{Changement d'\351tat d'un m\351lange non miscible}{section.18}% 169
\BOOKMARK [3][-]{subsubsection.18.3.1}{Courbe d'analyse thermique}{subsection.18.3}% 170
\BOOKMARK [3][-]{subsubsection.18.3.2}{Diagramme binaire isobare}{subsection.18.3}% 171
\BOOKMARK [1][-]{section.19}{Application du premier principe de la thermodynamique \340 la r\351action chimique}{}% 172
\BOOKMARK [2][-]{subsection.19.1}{Fonctions d'\351tat}{section.19}% 173
\BOOKMARK [3][-]{subsubsection.19.1.1}{Premier principe}{subsection.19.1}% 174
\BOOKMARK [3][-]{subsubsection.19.1.2}{Param\350tres d'\351tat d'inter\352t}{subsection.19.1}% 175
\BOOKMARK [2][-]{subsection.19.2}{Utilisation et convention}{section.19}% 176
\BOOKMARK [3][-]{subsubsection.19.2.1}{En pratique}{subsection.19.2}% 177
\BOOKMARK [3][-]{subsubsection.19.2.2}{Convention et \351tat standard de r\351f\351rence}{subsection.19.2}% 178
\BOOKMARK [2][-]{subsection.19.3}{Approximation d'Ellingham et cons\351quences}{section.19}% 179
\BOOKMARK [1][-]{section.20}{D\351termination de constantes d'\351quilibre}{}% 180
\BOOKMARK [2][-]{subsection.20.1}{D\351termination de constantes d'\351quilibre en solution : l'iode}{section.20}% 181
\BOOKMARK [3][-]{subsubsection.20.1.1}{Coefficient de partage du diiode}{subsection.20.1}% 182
\BOOKMARK [3][-]{subsubsection.20.1.2}{Constante de formation du complexe I 3-}{subsection.20.1}% 183
\BOOKMARK [3][-]{subsubsection.20.1.3}{Constante de solubilit\351 de l'iodure de plomb}{subsection.20.1}% 184
\BOOKMARK [2][-]{subsection.20.2}{D\351termination de constantes d'\351quilibre \351lectrochimique : la pile Fer-Iode}{section.20}% 185
\BOOKMARK [3][-]{subsubsection.20.2.1}{Potentiels standard des couples Ox/Red en jeu}{subsection.20.2}% 186
\BOOKMARK [3][-]{subsubsection.20.2.2}{Force \351lectromotrice de la pile et constante d'\351quilibre d'oxydo-r\351duction}{subsection.20.2}% 187
\BOOKMARK [3][-]{subsubsection.20.2.3}{D\351pendance en temp\351rature de la fem}{subsection.20.2}% 188
\BOOKMARK [1][-]{section.21}{Cin\351tique homog\350ne}{}% 189
\BOOKMARK [2][-]{subsection.21.1}{Cin\351tique d'une r\351action chimique}{section.21}% 190
\BOOKMARK [3][-]{subsubsection.21.1.1}{Vitesse de r\351action}{subsection.21.1}% 191
\BOOKMARK [3][-]{subsubsection.21.1.2}{M\351thode de mesure, suivi cin\351tique}{subsection.21.1}% 192
\BOOKMARK [2][-]{subsection.21.2}{Influence de la concentration}{section.21}% 193
\BOOKMARK [3][-]{subsubsection.21.2.1}{Notion d'ordre}{subsection.21.2}% 194
\BOOKMARK [3][-]{subsubsection.21.2.2}{Lois de vitesse}{subsection.21.2}% 195
\BOOKMARK [3][-]{subsubsection.21.2.3}{D\351terminer un ordre}{subsection.21.2}% 196
\BOOKMARK [2][-]{subsection.21.3}{Influence de la temp\351rature}{section.21}% 197
\BOOKMARK [3][-]{subsubsection.21.3.1}{Loi d'Arrh\351nius}{subsection.21.3}% 198
\BOOKMARK [1][-]{section.22}{Evolution et \351quilibre chimique}{}% 199
\BOOKMARK [2][-]{subsection.22.1}{Caract\351risation de l\220\351quilibre}{section.22}% 200
\BOOKMARK [3][-]{subsubsection.22.1.1}{Evolution du syst\350me}{subsection.22.1}% 201
\BOOKMARK [3][-]{subsubsection.22.1.2}{Constante d\220\351quilibre}{subsection.22.1}% 202
\BOOKMARK [2][-]{subsection.22.2}{D\351placement d\220\351quilibre}{section.22}% 203
\BOOKMARK [3][-]{subsubsection.22.2.1}{Variance}{subsection.22.2}% 204
\BOOKMARK [3][-]{subsubsection.22.2.2}{Influence de la temp\351rature}{subsection.22.2}% 205
\BOOKMARK [3][-]{subsubsection.22.2.3}{Influence de la pression}{subsection.22.2}% 206
\BOOKMARK [1][-]{section.23}{Diagramme potentiel-pH \(construction exclue\)}{}% 207
\BOOKMARK [2][-]{subsection.23.1}{R\351activit\351}{section.23}% 208
\BOOKMARK [2][-]{subsection.23.2}{Stabilit\351}{section.23}% 209
\BOOKMARK [2][-]{subsection.23.3}{Application : dosage de Winkler}{section.23}% 210
\BOOKMARK [1][-]{section.24}{Optimisation d'un proc\351d\351 chimique}{}% 211
\BOOKMARK [2][-]{subsection.24.1}{Notion de variance}{section.24}% 212
\BOOKMARK [3][-]{subsubsection.24.1.1}{Variance}{subsection.24.1}% 213
\BOOKMARK [3][-]{subsubsection.24.1.2}{D\351placement et rupture d'\351quilibre}{subsection.24.1}% 214
\BOOKMARK [2][-]{subsection.24.2}{Optimisation thermodynamique}{section.24}% 215
\BOOKMARK [3][-]{subsubsection.24.2.1}{Influence de la pression}{subsection.24.2}% 216
\BOOKMARK [3][-]{subsubsection.24.2.2}{Influence de la temp\351rature}{subsection.24.2}% 217
\BOOKMARK [2][-]{subsection.24.3}{Optimisation cin\351tique}{section.24}% 218
\BOOKMARK [3][-]{subsubsection.24.3.1}{Energie d'activation}{subsection.24.3}% 219
\BOOKMARK [3][-]{subsubsection.24.3.2}{Catalyse}{subsection.24.3}% 220
\BOOKMARK [1][-]{section.25}{Corrosion humide des m\351taux}{}% 221
\BOOKMARK [2][-]{subsection.25.1}{Corrosion uniforme}{section.25}% 222
\BOOKMARK [3][-]{subsubsection.25.1.1}{Corrosion acide}{subsection.25.1}% 223
\BOOKMARK [3][-]{subsubsection.25.1.2}{Corrosion neutre a\351r\351e}{subsection.25.1}% 224
\BOOKMARK [2][-]{subsection.25.2}{Corrosion diff\351rentielle}{section.25}% 225
\BOOKMARK [3][-]{subsubsection.25.2.1}{Corrosion galvanique}{subsection.25.2}% 226
\BOOKMARK [3][-]{subsubsection.25.2.2}{A\351ration diff\351rentielle}{subsection.25.2}% 227
\BOOKMARK [3][-]{subsubsection.25.2.3}{Electrozingage}{subsection.25.2}% 228
\BOOKMARK [1][-]{section.26}{Conversion r\351ciproque d'\351nergie \351lectrique en \351nergie chimique}{}% 229
\BOOKMARK [2][-]{subsection.26.1}{Conversion d'\351nergie chimique en \351nergie \351lectrique : la pile Daniell}{section.26}% 230
\BOOKMARK [3][-]{subsubsection.26.1.1}{Etude thermodynamique}{subsection.26.1}% 231
\BOOKMARK [3][-]{subsubsection.26.1.2}{Etude cin\351tique}{subsection.26.1}% 232
\BOOKMARK [2][-]{subsection.26.2}{Conversion d'\351nergie \351lectrique en \351nergie chimique : \351lectrolyse}{section.26}% 233
\BOOKMARK [3][-]{subsubsection.26.2.1}{Efficacit\351 de la synth\350se}{subsection.26.2}% 234
\BOOKMARK [3][-]{subsubsection.26.2.2}{Rendue possible par un blocage cin\351tique}{subsection.26.2}% 235
\BOOKMARK [1][-]{section.27}{Solubilit\351}{}% 236
\BOOKMARK [2][-]{subsection.27.1}{Concentration limite et produit de solubilit\351}{section.27}% 237
\BOOKMARK [2][-]{subsection.27.2}{D\351termination exp\351rimentale}{section.27}% 238
\BOOKMARK [2][-]{subsection.27.3}{Facteurs influan\347ant la solubilit\351}{section.27}% 239
\BOOKMARK [1][-]{section.28}{Cin\351tique \351lectrochimique}{}% 240
\BOOKMARK [2][-]{subsection.28.1}{Vitesse \351lectrochimique}{section.28}% 241
\BOOKMARK [3][-]{subsubsection.28.1.1}{Vitesse et intensit\351}{subsection.28.1}% 242
\BOOKMARK [3][-]{subsubsection.28.1.2}{Intensit\351 et potentiel}{subsection.28.1}% 243
\BOOKMARK [2][-]{subsection.28.2}{Allure des courbes i-E}{section.28}% 244
\BOOKMARK [3][-]{subsubsection.28.2.1}{Transfert de charge}{subsection.28.2}% 245
\BOOKMARK [3][-]{subsubsection.28.2.2}{Transfert de mati\350re}{subsection.28.2}% 246
\BOOKMARK [2][-]{subsection.28.3}{Applications}{section.28}% 247
\BOOKMARK [3][-]{subsubsection.28.3.1}{Oxydation du fer}{subsection.28.3}% 248
\BOOKMARK [3][-]{subsubsection.28.3.2}{Electrolyse : synth\350se de l'eau de Javel}{subsection.28.3}% 249
