This is pdfTeX, Version 3.14159265-2.6-1.40.20 (TeX Live 2019/Debian) (preloaded format=pdflatex 2020.7.10)  28 JUN 2021 01:56
entering extended mode
 restricted \write18 enabled.
 %&-line parsing enabled.
**le√ßon_chimie.tex
(./le√ßon_chimie.tex
LaTeX2e <2020-02-02> patch level 2
L3 programming layer <2020-02-14>
(/usr/share/texlive/texmf-dist/tex/latex/base/article.cls
Document Class: article 2019/12/20 v1.4l Standard LaTeX document class
(/usr/share/texlive/texmf-dist/tex/latex/base/size10.clo
File: size10.clo 2019/12/20 v1.4l Standard LaTeX file (size option)
)
\c@part=\count167
\c@section=\count168
\c@subsection=\count169
\c@subsubsection=\count170
\c@paragraph=\count171
\c@subparagraph=\count172
\c@figure=\count173
\c@table=\count174
\abovecaptionskip=\skip47
\belowcaptionskip=\skip48
\bibindent=\dimen134
)
(/usr/share/texlive/texmf-dist/tex/latex/base/inputenc.sty
Package: inputenc 2018/08/11 v1.3c Input encoding file
\inpenc@prehook=\toks14
\inpenc@posthook=\toks15
)
(/usr/share/texlive/texmf-dist/tex/latex/base/fontenc.sty
Package: fontenc 2020/02/11 v2.0o Standard LaTeX package
)
(/usr/share/texlive/texmf-dist/tex/latex/geometry/geometry.sty
Package: geometry 2020/01/02 v5.9 Page Geometry

(/usr/share/texlive/texmf-dist/tex/latex/graphics/keyval.sty
Package: keyval 2014/10/28 v1.15 key=value parser (DPC)
\KV@toks@=\toks16
)
(/usr/share/texlive/texmf-dist/tex/generic/iftex/ifvtex.sty
Package: ifvtex 2019/10/25 v1.7 ifvtex legacy package. Use iftex instead.

(/usr/share/texlive/texmf-dist/tex/generic/iftex/iftex.sty
Package: iftex 2019/11/07 v1.0c TeX engine tests
))
\Gm@cnth=\count175
\Gm@cntv=\count176
\c@Gm@tempcnt=\count177
\Gm@bindingoffset=\dimen135
\Gm@wd@mp=\dimen136
\Gm@odd@mp=\dimen137
\Gm@even@mp=\dimen138
\Gm@layoutwidth=\dimen139
\Gm@layoutheight=\dimen140
\Gm@layouthoffset=\dimen141
\Gm@layoutvoffset=\dimen142
\Gm@dimlist=\toks17
)
(/usr/share/texlive/texmf-dist/tex/generic/babel/babel.sty
Package: babel 2020/02/14 3.40 The Babel package

(/usr/share/texlive/texmf-dist/tex/generic/babel/switch.def
File: switch.def 2020/02/14 3.40 Babel switching mechanism
)
(/usr/share/texlive/texmf-dist/tex/generic/babel-french/french.ldf
Language: french 2020/01/30 v3.5g French support from the babel system

(/usr/share/texlive/texmf-dist/tex/generic/babel/babel.def
File: babel.def 2020/02/14 3.40 Babel common definitions
\babel@savecnt=\count178
\U@D=\dimen143

(/usr/share/texlive/texmf-dist/tex/generic/babel/txtbabel.def)
\bbl@readstream=\read2
\bbl@dirlevel=\count179
)
Package babel Info: \l@acadian = using hyphenrules for french
(babel)             (\language5) on input line 91.
Package babel Info: \l@canadien = using hyphenrules for french
(babel)             (\language5) on input line 92.
\FB@nonchar=\count180
Package babel Info: Making : an active character on input line 419.
Package babel Info: Making ; an active character on input line 420.
Package babel Info: Making ! an active character on input line 421.
Package babel Info: Making ? an active character on input line 422.
\FBguill@level=\count181
\FBold@everypar=\toks18
\FB@Mht=\dimen144
\mc@charclass=\count182
\mc@charfam=\count183
\mc@charslot=\count184
\std@mcc=\count185
\dec@mcc=\count186
\c@FBcaption@count=\count187
\listindentFB=\dimen145
\descindentFB=\dimen146
\labelindentFB=\dimen147
\labelwidthFB=\dimen148
\leftmarginFB=\dimen149
\parindentFFN=\dimen150
\FBfnindent=\dimen151
))
(/usr/share/texlive/texmf-dist/tex/latex/carlisle/scalefnt.sty)
(/usr/share/texlive/texmf-dist/tex/latex/amsmath/amsmath.sty
Package: amsmath 2020/01/20 v2.17e AMS math features
\@mathmargin=\skip49

For additional information on amsmath, use the `?' option.
(/usr/share/texlive/texmf-dist/tex/latex/amsmath/amstext.sty
Package: amstext 2000/06/29 v2.01 AMS text

(/usr/share/texlive/texmf-dist/tex/latex/amsmath/amsgen.sty
File: amsgen.sty 1999/11/30 v2.0 generic functions
\@emptytoks=\toks19
\ex@=\dimen152
))
(/usr/share/texlive/texmf-dist/tex/latex/amsmath/amsbsy.sty
Package: amsbsy 1999/11/29 v1.2d Bold Symbols
\pmbraise@=\dimen153
)
(/usr/share/texlive/texmf-dist/tex/latex/amsmath/amsopn.sty
Package: amsopn 2016/03/08 v2.02 operator names
)
\inf@bad=\count188
LaTeX Info: Redefining \frac on input line 227.
\uproot@=\count189
\leftroot@=\count190
LaTeX Info: Redefining \overline on input line 389.
\classnum@=\count191
\DOTSCASE@=\count192
LaTeX Info: Redefining \ldots on input line 486.
LaTeX Info: Redefining \dots on input line 489.
LaTeX Info: Redefining \cdots on input line 610.
\Mathstrutbox@=\box45
\strutbox@=\box46
\big@size=\dimen154
LaTeX Font Info:    Redeclaring font encoding OML on input line 733.
LaTeX Font Info:    Redeclaring font encoding OMS on input line 734.
\macc@depth=\count193
\c@MaxMatrixCols=\count194
\dotsspace@=\muskip16
\c@parentequation=\count195
\dspbrk@lvl=\count196
\tag@help=\toks20
\row@=\count197
\column@=\count198
\maxfields@=\count199
\andhelp@=\toks21
\eqnshift@=\dimen155
\alignsep@=\dimen156
\tagshift@=\dimen157
\tagwidth@=\dimen158
\totwidth@=\dimen159
\lineht@=\dimen160
\@envbody=\toks22
\multlinegap=\skip50
\multlinetaggap=\skip51
\mathdisplay@stack=\toks23
LaTeX Info: Redefining \[ on input line 2859.
LaTeX Info: Redefining \] on input line 2860.
)
(/usr/share/texlive/texmf-dist/tex/latex/amsfonts/amssymb.sty
Package: amssymb 2013/01/14 v3.01 AMS font symbols

(/usr/share/texlive/texmf-dist/tex/latex/amsfonts/amsfonts.sty
Package: amsfonts 2013/01/14 v3.01 Basic AMSFonts support
\symAMSa=\mathgroup4
\symAMSb=\mathgroup5
LaTeX Font Info:    Redeclaring math symbol \hbar on input line 98.
LaTeX Font Info:    Overwriting math alphabet `\mathfrak' in version `bold'
(Font)                  U/euf/m/n --> U/euf/b/n on input line 106.
))
(/usr/share/texlive/texmf-dist/tex/latex/graphics/graphicx.sty
Package: graphicx 2019/11/30 v1.2a Enhanced LaTeX Graphics (DPC,SPQR)

(/usr/share/texlive/texmf-dist/tex/latex/graphics/graphics.sty
Package: graphics 2019/11/30 v1.4a Standard LaTeX Graphics (DPC,SPQR)

(/usr/share/texlive/texmf-dist/tex/latex/graphics/trig.sty
Package: trig 2016/01/03 v1.10 sin cos tan (DPC)
)
(/usr/share/texlive/texmf-dist/tex/latex/graphics-cfg/graphics.cfg
File: graphics.cfg 2016/06/04 v1.11 sample graphics configuration
)
Package graphics Info: Driver file: pdftex.def on input line 105.

(/usr/share/texlive/texmf-dist/tex/latex/graphics-def/pdftex.def
File: pdftex.def 2018/01/08 v1.0l Graphics/color driver for pdftex
))
\Gin@req@height=\dimen161
\Gin@req@width=\dimen162
)
(/usr/share/texlive/texmf-dist/tex/latex/appendix/appendix.sty
Package: appendix 2020/02/08 v1.2c extra appendix facilities
\c@@pps=\count266
\c@@ppsavesec=\count267
\c@@ppsaveapp=\count268
)
(/usr/share/texlive/texmf-dist/tex/latex/hyperref/hyperref.sty
Package: hyperref 2020/01/14 v7.00d Hypertext links for LaTeX

(/usr/share/texlive/texmf-dist/tex/generic/ltxcmds/ltxcmds.sty
Package: ltxcmds 2019/12/15 v1.24 LaTeX kernel commands for general use (HO)
)
(/usr/share/texlive/texmf-dist/tex/latex/pdftexcmds/pdftexcmds.sty
Package: pdftexcmds 2019/11/24 v0.31 Utility functions of pdfTeX for LuaTeX (HO
)

(/usr/share/texlive/texmf-dist/tex/generic/infwarerr/infwarerr.sty
Package: infwarerr 2019/12/03 v1.5 Providing info/warning/error messages (HO)
)
Package pdftexcmds Info: \pdf@primitive is available.
Package pdftexcmds Info: \pdf@ifprimitive is available.
Package pdftexcmds Info: \pdfdraftmode found.
)
(/usr/share/texlive/texmf-dist/tex/generic/kvsetkeys/kvsetkeys.sty
Package: kvsetkeys 2019/12/15 v1.18 Key value parser (HO)
)
(/usr/share/texlive/texmf-dist/tex/generic/kvdefinekeys/kvdefinekeys.sty
Package: kvdefinekeys 2019-12-19 v1.6 Define keys (HO)
)
(/usr/share/texlive/texmf-dist/tex/generic/pdfescape/pdfescape.sty
Package: pdfescape 2019/12/09 v1.15 Implements pdfTeX's escape features (HO)
)
(/usr/share/texlive/texmf-dist/tex/latex/hycolor/hycolor.sty
Package: hycolor 2020-01-27 v1.10 Color options for hyperref/bookmark (HO)
)
(/usr/share/texlive/texmf-dist/tex/latex/letltxmacro/letltxmacro.sty
Package: letltxmacro 2019/12/03 v1.6 Let assignment for LaTeX macros (HO)
)
(/usr/share/texlive/texmf-dist/tex/latex/auxhook/auxhook.sty
Package: auxhook 2019-12-17 v1.6 Hooks for auxiliary files (HO)
)
(/usr/share/texlive/texmf-dist/tex/latex/kvoptions/kvoptions.sty
Package: kvoptions 2019/11/29 v3.13 Key value format for package options (HO)
)
\@linkdim=\dimen163
\Hy@linkcounter=\count269
\Hy@pagecounter=\count270

(/usr/share/texlive/texmf-dist/tex/latex/hyperref/pd1enc.def
File: pd1enc.def 2020/01/14 v7.00d Hyperref: PDFDocEncoding definition (HO)
Now handling font encoding PD1 ...
... no UTF-8 mapping file for font encoding PD1
)
(/usr/share/texlive/texmf-dist/tex/generic/intcalc/intcalc.sty
Package: intcalc 2019/12/15 v1.3 Expandable calculations with integers (HO)
)
(/usr/share/texlive/texmf-dist/tex/generic/etexcmds/etexcmds.sty
Package: etexcmds 2019/12/15 v1.7 Avoid name clashes with e-TeX commands (HO)
)
\Hy@SavedSpaceFactor=\count271
\pdfmajorversion=\count272
Package hyperref Info: Hyper figures OFF on input line 4547.
Package hyperref Info: Link nesting OFF on input line 4552.
Package hyperref Info: Hyper index ON on input line 4555.
Package hyperref Info: Plain pages OFF on input line 4562.
Package hyperref Info: Backreferencing OFF on input line 4567.
Package hyperref Info: Implicit mode ON; LaTeX internals redefined.
Package hyperref Info: Bookmarks ON on input line 4800.
\c@Hy@tempcnt=\count273

(/usr/share/texlive/texmf-dist/tex/latex/url/url.sty
\Urlmuskip=\muskip17
Package: url 2013/09/16  ver 3.4  Verb mode for urls, etc.
)
LaTeX Info: Redefining \url on input line 5159.
\XeTeXLinkMargin=\dimen164

(/usr/share/texlive/texmf-dist/tex/generic/bitset/bitset.sty
Package: bitset 2019/12/09 v1.3 Handle bit-vector datatype (HO)

(/usr/share/texlive/texmf-dist/tex/generic/bigintcalc/bigintcalc.sty
Package: bigintcalc 2019/12/15 v1.5 Expandable calculations on big integers (HO
)
))
\Fld@menulength=\count274
\Field@Width=\dimen165
\Fld@charsize=\dimen166
Package hyperref Info: Hyper figures OFF on input line 6430.
Package hyperref Info: Link nesting OFF on input line 6435.
Package hyperref Info: Hyper index ON on input line 6438.
Package hyperref Info: backreferencing OFF on input line 6445.
Package hyperref Info: Link coloring OFF on input line 6450.
Package hyperref Info: Link coloring with OCG OFF on input line 6455.
Package hyperref Info: PDF/A mode OFF on input line 6460.
LaTeX Info: Redefining \ref on input line 6500.
LaTeX Info: Redefining \pageref on input line 6504.

(/usr/share/texlive/texmf-dist/tex/generic/atbegshi/atbegshi.sty
Package: atbegshi 2019/12/05 v1.19 At begin shipout hook (HO)
)
\Hy@abspage=\count275
\c@Item=\count276
\c@Hfootnote=\count277
)
Package hyperref Info: Driver (autodetected): hpdftex.

(/usr/share/texlive/texmf-dist/tex/latex/hyperref/hpdftex.def
File: hpdftex.def 2020/01/14 v7.00d Hyperref driver for pdfTeX

(/usr/share/texlive/texmf-dist/tex/latex/atveryend/atveryend.sty
Package: atveryend 2019-12-11 v1.11 Hooks at the very end of document (HO)
Package atveryend Info: \enddocument detected (standard20110627).
)
\Fld@listcount=\count278
\c@bookmark@seq@number=\count279

(/usr/share/texlive/texmf-dist/tex/latex/rerunfilecheck/rerunfilecheck.sty
Package: rerunfilecheck 2019/12/05 v1.9 Rerun checks for auxiliary files (HO)

(/usr/share/texlive/texmf-dist/tex/generic/uniquecounter/uniquecounter.sty
Package: uniquecounter 2019/12/15 v1.4 Provide unlimited unique counter (HO)
)
Package uniquecounter Info: New unique counter `rerunfilecheck' on input line 2
86.
)
\Hy@SectionHShift=\skip52
)
Package hyperref Info: Option `colorlinks' set `true' on input line 14.
   defining Unicode char U+2217 (decimal 8727)

(/usr/share/texlive/texmf-dist/tex/latex/l3backend/l3backend-pdfmode.def
File: l3backend-pdfmode.def 2020-02-03 L3 backend support: PDF mode
\l__kernel_color_stack_int=\count280
\l__pdf_internal_box=\box47
)
(./le√ßon_chimie.aux)
\openout1 = `le√ßon_chimie.aux'.

LaTeX Font Info:    Checking defaults for OML/cmm/m/it on input line 31.
LaTeX Font Info:    ... okay on input line 31.
LaTeX Font Info:    Checking defaults for OMS/cmsy/m/n on input line 31.
LaTeX Font Info:    ... okay on input line 31.
LaTeX Font Info:    Checking defaults for OT1/cmr/m/n on input line 31.
LaTeX Font Info:    ... okay on input line 31.
LaTeX Font Info:    Checking defaults for T1/cmr/m/n on input line 31.
LaTeX Font Info:    ... okay on input line 31.
LaTeX Font Info:    Checking defaults for TS1/cmr/m/n on input line 31.
LaTeX Font Info:    ... okay on input line 31.
LaTeX Font Info:    Checking defaults for OMX/cmex/m/n on input line 31.
LaTeX Font Info:    ... okay on input line 31.
LaTeX Font Info:    Checking defaults for U/cmr/m/n on input line 31.
LaTeX Font Info:    ... okay on input line 31.
LaTeX Font Info:    Checking defaults for PD1/pdf/m/n on input line 31.
LaTeX Font Info:    ... okay on input line 31.

*geometry* driver: auto-detecting
*geometry* detected driver: pdftex
*geometry* verbose mode - [ preamble ] result:
* driver: pdftex
* paper: a4paper
* layout: <same size as paper>
* layoutoffset:(h,v)=(0.0pt,0.0pt)
* modes: 
* h-part:(L,W,R)=(89.62709pt, 418.25368pt, 89.6271pt)
* v-part:(T,H,B)=(101.40665pt, 591.5302pt, 152.11pt)
* \paperwidth=597.50787pt
* \paperheight=845.04684pt
* \textwidth=418.25368pt
* \textheight=591.5302pt
* \oddsidemargin=17.3571pt
* \evensidemargin=17.3571pt
* \topmargin=-7.86334pt
* \headheight=12.0pt
* \headsep=25.0pt
* \topskip=10.0pt
* \footskip=30.0pt
* \marginparwidth=65.0pt
* \marginparsep=11.0pt
* \columnsep=10.0pt
* \skip\footins=9.0pt plus 4.0pt minus 2.0pt
* \hoffset=0.0pt
* \voffset=0.0pt
* \mag=1000
* \@twocolumnfalse
* \@twosidefalse
* \@mparswitchfalse
* \@reversemarginfalse
* (1in=72.27pt=25.4mm, 1cm=28.453pt)

LaTeX Info: Redefining \degres on input line 31.
LaTeX Info: Redefining \dots on input line 31.
LaTeX Info: Redefining \up on input line 31.
(/usr/share/texlive/texmf-dist/tex/context/base/mkii/supp-pdf.mkii
[Loading MPS to PDF converter (version 2006.09.02).]
\scratchcounter=\count281
\scratchdimen=\dimen167
\scratchbox=\box48
\nofMPsegments=\count282
\nofMParguments=\count283
\everyMPshowfont=\toks24
\MPscratchCnt=\count284
\MPscratchDim=\dimen168
\MPnumerator=\count285
\makeMPintoPDFobject=\count286
\everyMPtoPDFconversion=\toks25
) (/usr/share/texlive/texmf-dist/tex/latex/epstopdf-pkg/epstopdf-base.sty
Package: epstopdf-base 2020-01-24 v2.11 Base part for package epstopdf
Package epstopdf-base Info: Redefining graphics rule for `.eps' on input line 4
85.

(/usr/share/texlive/texmf-dist/tex/latex/latexconfig/epstopdf-sys.cfg
File: epstopdf-sys.cfg 2010/07/13 v1.3 Configuration of (r)epstopdf for TeX Liv
e
))
\AtBeginShipoutBox=\box49

(/usr/share/texlive/texmf-dist/tex/latex/graphics/color.sty
Package: color 2019/11/23 v1.2a Standard LaTeX Color (DPC)

(/usr/share/texlive/texmf-dist/tex/latex/graphics-cfg/color.cfg
File: color.cfg 2016/01/02 v1.6 sample color configuration
)
Package color Info: Driver file: pdftex.def on input line 147.
)
Package hyperref Info: Link coloring ON on input line 31.

(/usr/share/texlive/texmf-dist/tex/latex/hyperref/nameref.sty
Package: nameref 2019/09/16 v2.46 Cross-referencing by name of section

(/usr/share/texlive/texmf-dist/tex/latex/refcount/refcount.sty
Package: refcount 2019/12/15 v3.6 Data extraction from label references (HO)
)
(/usr/share/texlive/texmf-dist/tex/generic/gettitlestring/gettitlestring.sty
Package: gettitlestring 2019/12/15 v1.6 Cleanup title references (HO)
)
\c@section@level=\count287
)
LaTeX Info: Redefining \ref on input line 31.
LaTeX Info: Redefining \pageref on input line 31.
LaTeX Info: Redefining \nameref on input line 31.

(./le√ßon_chimie.out) (./le√ßon_chimie.out)
\@outlinefile=\write3
\openout3 = `le√ßon_chimie.out'.

LaTeX Font Info:    Trying to load font information for U+msa on input line 34.


(/usr/share/texlive/texmf-dist/tex/latex/amsfonts/umsa.fd
File: umsa.fd 2013/01/14 v3.01 AMS symbols A
)
LaTeX Font Info:    Trying to load font information for U+msb on input line 34.


(/usr/share/texlive/texmf-dist/tex/latex/amsfonts/umsb.fd
File: umsb.fd 2013/01/14 v3.01 AMS symbols B
) [1

{/var/lib/texmf/fonts/map/pdftex/updmap/pdftex.map}]
LaTeX Font Info:    Trying to load font information for T1+cmtt on input line 8
6.

(/usr/share/texlive/texmf-dist/tex/latex/base/t1cmtt.fd
File: t1cmtt.fd 2019/12/16 v2.5j Standard LaTeX font definitions
)
Overfull \hbox (4.83115pt too wide) in paragraph at lines 86--87
[]\T1/cmr/m/it/10 Manip 2 : Me-sure de l'en-thal-pie de com-bus-tion de l'Ètha-
nol, [][]$\T1/cmtt/m/it/10 http : / / pontonniers-[]physique .
 []


Overfull \hbox (9.80022pt too wide) in paragraph at lines 86--87
\T1/cmtt/m/it/10 fr / PremiereNew / 2013Agir / 02ChaleurReactionCor . pdf$[][] 
\T1/cmr/m/it/10 et [][]$\T1/cmtt/m/it/10 http : / / pedagogie . ac-[]limoges .
 []


Overfull \hbox (14.75194pt too wide) in paragraph at lines 86--87
\T1/cmtt/m/it/10 fr / physique-[]chimie / IMG / pdf / compte-[]rendu _ de _ la 
_ manipulation _ pouvoir _ calorifique .
 []

<images/3D_model_hydrogen_bonds_in_water.png, id=955, 321.2pt x 318.791pt>
File: images/3D_model_hydrogen_bonds_in_water.png Graphic file (type png)
<use images/3D_model_hydrogen_bonds_in_water.png>
Package pdftex.def Info: images/3D_model_hydrogen_bonds_in_water.png  used on i
nput line 123.
(pdftex.def)             Requested size: 142.26378pt x 141.19756pt.
<images/liaison_intramol.png, id=957, 1297.84875pt x 420.57124pt>
File: images/liaison_intramol.png Graphic file (type png)
<use images/liaison_intramol.png>
Package pdftex.def Info: images/liaison_intramol.png  used on input line 130.
(pdftex.def)             Requested size: 284.52756pt x 92.19867pt.
[2] [3 <./images/3D_model_hydrogen_bonds_in_water.png> <./images/liaison_intram
ol.png>]

LaTeX Warning: Command \textdegree invalid in math mode on input line 188.


LaTeX Warning: Command \textdegree invalid in math mode on input line 188.

Missing character: There is no ∞ in font cmr10!

LaTeX Warning: Command \textdegree invalid in math mode on input line 188.


LaTeX Warning: Command \textdegree invalid in math mode on input line 188.

Missing character: There is no ∞ in font cmr10!
<images/pile_Daniell.png, id=976, 547.04375pt x 492.84125pt>
File: images/pile_Daniell.png Graphic file (type png)
<use images/pile_Daniell.png>
Package pdftex.def Info: images/pile_Daniell.png  used on input line 211.
(pdftex.def)             Requested size: 199.16928pt x 179.4381pt.
[4 <./images/pile_Daniell.png>]
<images/Schemas_electrolyse_h2o.png, id=984, 194.326pt x 302.731pt>
File: images/Schemas_electrolyse_h2o.png Graphic file (type png)
<use images/Schemas_electrolyse_h2o.png>
Package pdftex.def Info: images/Schemas_electrolyse_h2o.png  used on input line
 227.
(pdftex.def)             Requested size: 142.26378pt x 221.63849pt.
<images/electrolyse_eau.jpg, id=985, 1469.49pt x 1939.245pt>
File: images/electrolyse_eau.jpg Graphic file (type jpg)
<use images/electrolyse_eau.jpg>
Package pdftex.def Info: images/electrolyse_eau.jpg  used on input line 237.
(pdftex.def)             Requested size: 199.16928pt x 262.82245pt.
 [5 <./images/Schemas_electrolyse_h2o.png>]
<images/Cram.png, id=993, 1390.19376pt x 253.94875pt>
File: images/Cram.png Graphic file (type png)
<use images/Cram.png>
Package pdftex.def Info: images/Cram.png  used on input line 276.
(pdftex.def)             Requested size: 284.52756pt x 51.97458pt.

[6 <./images/electrolyse_eau.jpg>]
<images/VSEPR1.png, id=1000, 1842.885pt x 652.4375pt>
File: images/VSEPR1.png Graphic file (type png)
<use images/VSEPR1.png>
Package pdftex.def Info: images/VSEPR1.png  used on input line 285.
(pdftex.def)             Requested size: 426.79134pt x 151.09282pt.
<images/VSEPR2.png, id=1001, 1745.52126pt x 976.64874pt>
File: images/VSEPR2.png Graphic file (type png)
<use images/VSEPR2.png>
Package pdftex.def Info: images/VSEPR2.png  used on input line 286.
(pdftex.def)             Requested size: 426.79134pt x 238.7967pt.
<images/enantiom√©rie.png, id=1002, 794.97pt x 377.41pt>
File: images/enantiom√©rie.png Graphic file (type png)
<use images/enantiom√©rie.png>
Package pdftex.def Info: images/enantiom√©rie.png  used on input line 305.
(pdftex.def)             Requested size: 199.16928pt x 94.55382pt.
 [7 <./images/Cram.png>] [8 <./images/VSEPR1.png> <./images/VSEPR2.png> <./imag
es/enantiom√©rie.png>]
<images/ex-enantiom√®res/Thalidomide_enantiomers.png, id=1022, 513.92pt x 593.2
1625pt>
File: images/ex-enantiom√®res/Thalidomide_enantiomers.png Graphic file (type pn
g)
<use images/ex-enantiom√®res/Thalidomide_enantiomers.png>
Package pdftex.def Info: images/ex-enantiom√®res/Thalidomide_enantiomers.png  u
sed on input line 350.
(pdftex.def)             Requested size: 142.26378pt x 164.21664pt.
<images/ex-enantiom√®res/Carvone.png, id=1023, 180.675pt x 139.52126pt>
File: images/ex-enantiom√®res/Carvone.png Graphic file (type png)
<use images/ex-enantiom√®res/Carvone.png>
Package pdftex.def Info: images/ex-enantiom√®res/Carvone.png  used on input lin
e 356.
(pdftex.def)             Requested size: 142.26378pt x 109.86078pt.
<images/ex-enantiom√®res/2R-Limonene.png, id=1024, 131.0496pt x 288.1164pt>
File: images/ex-enantiom√®res/2R-Limonene.png Graphic file (type png)
<use images/ex-enantiom√®res/2R-Limonene.png>
Package pdftex.def Info: images/ex-enantiom√®res/2R-Limonene.png  used on input
 line 363.
(pdftex.def)             Requested size: 85.35826pt x 187.66469pt.
<images/ex-enantiom√®res/2S-Limonene.png, id=1025, 131.0496pt x 288.1164pt>
File: images/ex-enantiom√®res/2S-Limonene.png Graphic file (type png)
<use images/ex-enantiom√®res/2S-Limonene.png>
Package pdftex.def Info: images/ex-enantiom√®res/2S-Limonene.png  used on input
 line 366.
(pdftex.def)             Requested size: 85.35826pt x 187.66469pt.

Overfull \hbox (2.22166pt too wide) in paragraph at lines 362--368
[][] [] 
 []

<images/ex-enantiom√®res/Ambersweet_oranges.jpg, id=1026, 533.995pt x 602.25pt>

File: images/ex-enantiom√®res/Ambersweet_oranges.jpg Graphic file (type jpg)
<use images/ex-enantiom√®res/Ambersweet_oranges.jpg>
Package pdftex.def Info: images/ex-enantiom√®res/Ambersweet_oranges.jpg  used o
n input line 370.
(pdftex.def)             Requested size: 113.81102pt x 128.3509pt.
<images/ex-enantiom√®res/Mentha-piperita.jpg, id=1027, 421.575pt x 313.17pt>
File: images/ex-enantiom√®res/Mentha-piperita.jpg Graphic file (type jpg)
<use images/ex-enantiom√®res/Mentha-piperita.jpg>
Package pdftex.def Info: images/ex-enantiom√®res/Mentha-piperita.jpg  used on i
nput line 373.
(pdftex.def)             Requested size: 113.81102pt x 84.54268pt.

Overfull \hbox (2.22166pt too wide) in paragraph at lines 369--375
[][] [] 
 []

<images/distillation_√©corces.jpg, id=1028, 1541.76pt x 2055.68pt>
File: images/distillation_√©corces.jpg Graphic file (type jpg)
<use images/distillation_√©corces.jpg>
Package pdftex.def Info: images/distillation_√©corces.jpg  used on input line 3
83.
(pdftex.def)             Requested size: 284.52756pt x 379.35384pt.
File: images/liaison_intramol.png Graphic file (type png)
<use images/liaison_intramol.png>
Package pdftex.def Info: images/liaison_intramol.png  used on input line 397.
(pdftex.def)             Requested size: 284.52756pt x 92.19867pt.
[9 <./images/ex-enantiom√®res/Thalidomide_enantiomers.png> <./images/ex-enantio
m√®res/Carvone.png>] [10 <./images/ex-enantiom√®res/2R-Limonene.png> <./images/
ex-enantiom√®res/2S-Limonene.png> <./images/ex-enantiom√®res/Ambersweet_oranges
.jpg> <./images/ex-enantiom√®res/Mentha-piperita.jpg>] [11 <./images/distillati
on_√©corces.jpg>]
<images/isomerie.png, id=1050, 1979.395pt x 1453.43pt>
File: images/isomerie.png Graphic file (type png)
<use images/isomerie.png>
Package pdftex.def Info: images/isomerie.png  used on input line 417.
(pdftex.def)             Requested size: 426.79134pt x 313.36845pt.

Overfull \hbox (17.77344pt too wide) in paragraph at lines 416--418
[]\T1/cmr/m/n/10 y4y [] 
 []

<images/conformation_ethane.png, id=1051, 1868.9825pt x 951.555pt>
File: images/conformation_ethane.png Graphic file (type png)
<use images/conformation_ethane.png>
Package pdftex.def Info: images/conformation_ethane.png  used on input line 423
.
(pdftex.def)             Requested size: 284.52756pt x 144.86147pt.
[12 <./images/isomerie.png>]
Overfull \hbox (1.63466pt too wide) in paragraph at lines 445--446
[][] 
 []


LaTeX Warning: Command \textdegree invalid in math mode on input line 461.


LaTeX Warning: Command \textdegree invalid in math mode on input line 461.

Missing character: There is no ∞ in font cmr10!

LaTeX Warning: Command \textdegree invalid in math mode on input line 476.


LaTeX Warning: Command \textdegree invalid in math mode on input line 476.

Missing character: There is no ∞ in font cmr10!
<images/indicateurs/Bromothymol_blue_protolysis.png, id=1058, 552.0625pt x 198.
7425pt>
File: images/indicateurs/Bromothymol_blue_protolysis.png Graphic file (type png
)
<use images/indicateurs/Bromothymol_blue_protolysis.png>
Package pdftex.def Info: images/indicateurs/Bromothymol_blue_protolysis.png  us
ed on input line 489.
(pdftex.def)             Requested size: 284.52756pt x 102.43388pt.
[13 <./images/conformation_ethane.png>]
<images/indicateurs/Helianthine_topologique.png, id=1066, 200.75pt x 71.26625pt
>
File: images/indicateurs/Helianthine_topologique.png Graphic file (type png)
<use images/indicateurs/Helianthine_topologique.png>
Package pdftex.def Info: images/indicateurs/Helianthine_topologique.png  used o
n input line 497.
(pdftex.def)             Requested size: 113.81102pt x 40.4036pt.
<images/indicateurs/Methyl_orange.png, id=1067, 120.45pt x 31.11626pt>
File: images/indicateurs/Methyl_orange.png Graphic file (type png)
<use images/indicateurs/Methyl_orange.png>
Package pdftex.def Info: images/indicateurs/Methyl_orange.png  used on input li
ne 500.
(pdftex.def)             Requested size: 113.81102pt x 29.40215pt.

Overfull \hbox (2.22166pt too wide) in paragraph at lines 496--502
[][] [] 
 []

<images/indicateurs/Phenolphthalein-high-pH-2D-skeletal.png, id=1068, 100.375pt
 x 95.35625pt>
File: images/indicateurs/Phenolphthalein-high-pH-2D-skeletal.png Graphic file (
type png)
<use images/indicateurs/Phenolphthalein-high-pH-2D-skeletal.png>
Package pdftex.def Info: images/indicateurs/Phenolphthalein-high-pH-2D-skeletal
.png  used on input line 507.
(pdftex.def)             Requested size: 56.9055pt x 54.06116pt.
<images/indicateurs/Phenolphthalein-mid-pH-2D-skeletal.png, id=1069, 100.375pt 
x 73.27374pt>
File: images/indicateurs/Phenolphthalein-mid-pH-2D-skeletal.png Graphic file (t
ype png)
<use images/indicateurs/Phenolphthalein-mid-pH-2D-skeletal.png>
Package pdftex.def Info: images/indicateurs/Phenolphthalein-mid-pH-2D-skeletal.
png  used on input line 510.
(pdftex.def)             Requested size: 56.9055pt x 41.54172pt.
<images/indicateurs/Phenolphthalein-low-pH-2D-skeletal.png, id=1070, 100.375pt 
x 95.35625pt>
File: images/indicateurs/Phenolphthalein-low-pH-2D-skeletal.png Graphic file (t
ype png)
<use images/indicateurs/Phenolphthalein-low-pH-2D-skeletal.png>
Package pdftex.def Info: images/indicateurs/Phenolphthalein-low-pH-2D-skeletal.
png  used on input line 513.
(pdftex.def)             Requested size: 56.9055pt x 54.06116pt.
<images/indicateurs/Phenolphthalein-very-low-pH-2D-skeletal.png, id=1071, 100.3
75pt x 65.24374pt>
File: images/indicateurs/Phenolphthalein-very-low-pH-2D-skeletal.png Graphic fi
le (type png)
<use images/indicateurs/Phenolphthalein-very-low-pH-2D-skeletal.png>
Package pdftex.def Info: images/indicateurs/Phenolphthalein-very-low-pH-2D-skel
etal.png  used on input line 516.
(pdftex.def)             Requested size: 56.9055pt x 36.98921pt.
<images/Acid-base-titration-fr.png, id=1072, 255.354pt x 293.898pt>
File: images/Acid-base-titration-fr.png Graphic file (type png)
<use images/Acid-base-titration-fr.png>
Package pdftex.def Info: images/Acid-base-titration-fr.png  used on input line 
531.
(pdftex.def)             Requested size: 142.26378pt x 163.74313pt.
[14 <./images/indicateurs/Bromothymol_blue_protolysis.png> <./images/indicateur
s/Helianthine_topologique.png> <./images/indicateurs/Methyl_orange.png> <./imag
es/indicateurs/Phenolphthalein-high-pH-2D-skeletal.png> <./images/indicateurs/P
henolphthalein-mid-pH-2D-skeletal.png> <./images/indicateurs/Phenolphthalein-lo
w-pH-2D-skeletal.png> <./images/indicateurs/Phenolphthalein-very-low-pH-2D-skel
etal.png>] [15 <./images/Acid-base-titration-fr.png>] [16] [17]

LaTeX Warning: Command \' invalid in math mode on input line 705.

Missing character: There is no È in font cmr7!
[18]
<images/crit√®re_√©volution.png, id=1108, 610.28pt x 254.9525pt>
File: images/crit√®re_√©volution.png Graphic file (type png)
<use images/crit√®re_√©volution.png>
Package pdftex.def Info: images/crit√®re_√©volution.png  used on input line 739
.
(pdftex.def)             Requested size: 227.62204pt x 95.09343pt.
 [19 <./images/crit√®re_√©volution.png>] [20]
Overfull \hbox (35.45653pt too wide) in paragraph at lines 888--895
[][] 
 []

[21] [22]
Overfull \hbox (2.124pt too wide) in paragraph at lines 967--968
[]$[]$ \T1/cmr/m/n/10 site pauvre en Èlec-trons : la-cune Èlec-tro-nique, charg
e par-tielle/totale
 []

[23] [24]

LaTeX Warning: Command \textdegree invalid in math mode on input line 1057.


LaTeX Warning: Command \textdegree invalid in math mode on input line 1057.

Missing character: There is no ∞ in font cmr10!
[25] [26] [27] [28] [29] [30] [31]

LaTeX Warning: Command \textdegree invalid in math mode on input line 1448.


LaTeX Warning: Command \textdegree invalid in math mode on input line 1448.

Missing character: There is no ∞ in font cmr10!

Overfull \hbox (30.21869pt too wide) in paragraph at lines 1442--1451
[][] 
 []

[32]

LaTeX Warning: Command \` invalid in math mode on input line 1477.

Missing character: There is no Ë in font cmr7!
[33] [34] [35] [36] [37] [38]
Overfull \hbox (12.22325pt too wide) in paragraph at lines 1769--1770
[]\T1/cmr/m/n/10 O˘ B est le fac-teur prÈ-ex-po-nen-tiel, Ea l'Èner-gie d'ac-ti
-va-tion (en J/mol) et $\OML/cmm/m/it/10 R \OT1/cmr/m/n/10 = 8\OML/cmm/m/it/10 
:\OT1/cmr/m/n/10 314\OML/cmm/m/it/10 JK[]mol[]$\T1/cmr/m/n/10 ,
 []

[39]
Overfull \hbox (173.57208pt too wide) in paragraph at lines 1846--1850
[][] 
 []

[40]
Overfull \hbox (2.595pt too wide) in paragraph at lines 1885--1886
[]$[]$ \T1/cmr/m/n/10 rÈ-ac-tions d'oxydo-rÈduction, acido-basiques, ti-trages,
 construc-tion d'un dia-gramme
 []

[41] [42] [43] [44]
Package atveryend Info: Empty hook `BeforeClearDocument' on input line 2067.
 [45]
Package atveryend Info: Empty hook `AfterLastShipout' on input line 2067.
 (./le√ßon_chimie.aux)
Package atveryend Info: Executing hook `AtVeryEndDocument' on input line 2067.
Package atveryend Info: Executing hook `AtEndAfterFileList' on input line 2067.



Package rerunfilecheck Warning: File `le√ßon_chimie.out' has changed.
(rerunfilecheck)                Rerun to get outlines right
(rerunfilecheck)                or use package `bookmark'.

Package rerunfilecheck Info: Checksums for `le√ßon_chimie.out':
(rerunfilecheck)             Before: 1DC38101FC4C6C71171068BE37530167;19379
(rerunfilecheck)             After:  C41BF71E539C6A52EF46E1771D02F7F4;23301.
Package atveryend Info: Empty hook `AtVeryVeryEnd' on input line 2067.
 ) 
Here is how much of TeX's memory you used:
 9205 strings out of 482560
 139134 string characters out of 5951367
 401702 words of memory out of 5000000
 23864 multiletter control sequences out of 15000+600000
 546771 words of font info for 63 fonts, out of 8000000 for 9000
 286 hyphenation exceptions out of 8191
 34i,9n,35p,512b,459s stack positions out of 5000i,500n,10000p,200000b,80000s
 </home/elise/.texlive2019/texmf-var/fonts/pk/ljfour/jknappen/ec/tcti1000.600
pk> </home/elise/.texlive2019/texmf-var/fonts/pk/ljfour/jknappen/ec/tcrm1000.60
0pk> </home/elise/.texlive2019/texmf-var/fonts/pk/ljfour/jknappen/ec/ectt1000.6
00pk> </home/elise/.texlive2019/texmf-var/fonts/pk/ljfour/jknappen/ec/eccc1000.
600pk> </home/elise/.texlive2019/texmf-var/fonts/pk/ljfour/jknappen/ec/ecit1000
.600pk> </home/elise/.texlive2019/texmf-var/fonts/pk/ljfour/jknappen/ec/ecbx100
0.600pk> </home/elise/.texlive2019/texmf-var/fonts/pk/ljfour/jknappen/ec/ecti10
00.600pk> </home/elise/.texlive2019/texmf-var/fonts/pk/ljfour/jknappen/ec/ecbx1
200.600pk> </home/elise/.texlive2019/texmf-var/fonts/pk/ljfour/jknappen/ec/ecrm
1000.600pk> </home/elise/.texlive2019/texmf-var/fonts/pk/ljfour/jknappen/ec/ecb
x1440.600pk> </home/elise/.texlive2019/texmf-var/fonts/pk/ljfour/jknappen/ec/ec
rm1200.600pk> </home/elise/.texlive2019/texmf-var/fonts/pk/ljfour/jknappen/ec/e
crm1728.600pk></usr/share/texlive/texmf-dist/fonts/type1/public/amsfonts/cm/cme
x10.pfb></usr/share/texlive/texmf-dist/fonts/type1/public/amsfonts/cm/cmmi10.pf
b></usr/share/texlive/texmf-dist/fonts/type1/public/amsfonts/cm/cmmi5.pfb></usr
/share/texlive/texmf-dist/fonts/type1/public/amsfonts/cm/cmmi7.pfb></usr/share/
texlive/texmf-dist/fonts/type1/public/amsfonts/cm/cmr10.pfb></usr/share/texlive
/texmf-dist/fonts/type1/public/amsfonts/cm/cmr5.pfb></usr/share/texlive/texmf-d
ist/fonts/type1/public/amsfonts/cm/cmr7.pfb></usr/share/texlive/texmf-dist/font
s/type1/public/amsfonts/cm/cmsy10.pfb></usr/share/texlive/texmf-dist/fonts/type
1/public/amsfonts/cm/cmsy5.pfb></usr/share/texlive/texmf-dist/fonts/type1/publi
c/amsfonts/cm/cmsy7.pfb>
Output written on le√ßon_chimie.pdf (45 pages, 5231510 bytes).
PDF statistics:
 1897 PDF objects out of 2073 (max. 8388607)
 1306 compressed objects within 14 object streams
 347 named destinations out of 1000 (max. 500000)
 1992 words of extra memory for PDF output out of 10000 (max. 10000000)

