\BOOKMARK [1][-]{section.1}{Dynamique du point et du solide.}{}% 1
\BOOKMARK [2][-]{subsection.1.1}{Chute libre et rebonds}{section.1}% 2
\BOOKMARK [2][-]{subsection.1.2}{Rotation d'un cylindre soumis \340 un couple constant}{section.1}% 3
\BOOKMARK [2][-]{subsection.1.3}{Frottement solide, mouvement ralenti}{section.1}% 4
\BOOKMARK [2][-]{subsection.1.4}{Rotation d'un solide : le gyroscope}{section.1}% 5
\BOOKMARK [1][-]{section.2}{Surfaces et interfaces.}{}% 6
\BOOKMARK [2][-]{subsection.2.1}{Interfaces statiques}{section.2}% 7
\BOOKMARK [3][-]{subsubsection.2.1.1}{Loi de Jurin}{subsection.2.1}% 8
\BOOKMARK [3][-]{subsubsection.2.1.2}{Coefficient de frottement statique}{subsection.2.1}% 9
\BOOKMARK [2][-]{subsection.2.2}{Interfaces en mouvement}{section.2}% 10
\BOOKMARK [3][-]{subsubsection.2.2.1}{Coefficient de frottement dynamique}{subsection.2.2}% 11
\BOOKMARK [3][-]{subsubsection.2.2.2}{Cuve \340 ondes}{subsection.2.2}% 12
\BOOKMARK [1][-]{section.3}{Dynamique des fluides.}{}% 13
\BOOKMARK [2][-]{subsection.3.1}{Chute dans le glyc\351rol}{section.3}% 14
\BOOKMARK [2][-]{subsection.3.2}{Ecoulement de Poiseuille}{section.3}% 15
\BOOKMARK [2][-]{subsection.3.3}{Tube de Pitot}{section.3}% 16
\BOOKMARK [1][-]{section.4}{Capteurs de grandeurs m\351caniques.}{}% 17
\BOOKMARK [2][-]{subsection.4.1}{Position}{section.4}% 18
\BOOKMARK [3][-]{subsubsection.4.1.1}{Capteur capacitif de niveau d'eau}{subsection.4.1}% 19
\BOOKMARK [2][-]{subsection.4.2}{Vitesse : mesure par effet Doppler}{section.4}% 20
\BOOKMARK [2][-]{subsection.4.3}{Acc\351leration}{section.4}% 21
\BOOKMARK [2][-]{subsection.4.4}{Jauge de contrainte}{section.4}% 22
\BOOKMARK [1][-]{section.5}{Mesure de temp\351rature.}{}% 23
\BOOKMARK [2][-]{subsection.5.1}{Etalonnage d'une sonde de platine}{section.5}% 24
\BOOKMARK [2][-]{subsection.5.2}{Etalonnage d'une thermistance}{section.5}% 25
\BOOKMARK [2][-]{subsection.5.3}{Loi de Stefan, rayonnement du corps noir}{section.5}% 26
\BOOKMARK [1][-]{section.6}{Transitions de phase.}{}% 27
\BOOKMARK [2][-]{subsection.6.1}{Transitions du premier ordre}{section.6}% 28
\BOOKMARK [3][-]{subsubsection.6.1.1}{Courbe de refroidissement de l'\351tain}{subsection.6.1}% 29
\BOOKMARK [3][-]{subsubsection.6.1.2}{Diagramme P-V de SF6}{subsection.6.1}% 30
\BOOKMARK [2][-]{subsection.6.2}{Transition de phase du deuxi\350me ordre}{section.6}% 31
\BOOKMARK [3][-]{subsubsection.6.2.1}{Transition ferromagn\351tique-paramagn\351tique}{subsection.6.2}% 32
\BOOKMARK [1][-]{section.7}{Instruments d'optique.}{}% 33
\BOOKMARK [2][-]{subsection.7.1}{Lunette}{section.7}% 34
\BOOKMARK [2][-]{subsection.7.2}{Appareil photo, loi en 1/N2}{section.7}% 35
\BOOKMARK [2][-]{subsection.7.3}{Objectif de microscope}{section.7}% 36
\BOOKMARK [1][-]{section.8}{Interf\351rences lumineuses.}{}% 37
\BOOKMARK [2][-]{subsection.8.1}{Fentes d'Young}{section.8}% 38
\BOOKMARK [2][-]{subsection.8.2}{Lame de savon}{section.8}% 39
\BOOKMARK [2][-]{subsection.8.3}{Michelson, longueur de coh\351rence de la lampe \340 vapeur de sodium}{section.8}% 40
\BOOKMARK [1][-]{section.9}{Diffraction des ondes lumineuses.}{}% 41
\BOOKMARK [2][-]{subsection.9.1}{Fente}{section.9}% 42
\BOOKMARK [2][-]{subsection.9.2}{Poudre de lycopode}{section.9}% 43
\BOOKMARK [2][-]{subsection.9.3}{R\351seau}{section.9}% 44
\BOOKMARK [1][-]{section.10}{Spectrom\351trie optique.}{}% 45
\BOOKMARK [2][-]{subsection.10.1}{Etalonage d'un spectrom\350tre \(r\351seau\)}{section.10}% 46
\BOOKMARK [2][-]{subsection.10.2}{Mesure par spectrom\350tre USB}{section.10}% 47
\BOOKMARK [2][-]{subsection.10.3}{Mesure par interf\351rom\351trie avec le Michelson}{section.10}% 48
\BOOKMARK [1][-]{section.11}{\311mission et absorption de la lumi\350re.}{}% 49
\BOOKMARK [2][-]{subsection.11.1}{Emission spontan\351e}{section.11}% 50
\BOOKMARK [2][-]{subsection.11.2}{Absorption d'un semi-conducteur, mesure de l'\351nergie du gap}{section.11}% 51
\BOOKMARK [2][-]{subsection.11.3}{Absorption et \351mission d'un colorant : fluorescence}{section.11}% 52
\BOOKMARK [1][-]{section.12}{Photor\351cepteurs.}{}% 53
\BOOKMARK [2][-]{subsection.12.1}{Photodiode}{section.12}% 54
\BOOKMARK [2][-]{subsection.12.2}{Photor\351sistance}{section.12}% 55
\BOOKMARK [2][-]{subsection.12.3}{Cellule photovolta\357que}{section.12}% 56
\BOOKMARK [2][-]{subsection.12.4}{Thermopile, pile de Moll ?}{section.12}% 57
\BOOKMARK [1][-]{section.13}{Bir\351fringence, pouvoir rotatoire.}{}% 58
\BOOKMARK [2][-]{subsection.13.1}{Bir\351fringence d'une lame de quartz}{section.13}% 59
\BOOKMARK [2][-]{subsection.13.2}{Pouvoir rotatoire}{section.13}% 60
\BOOKMARK [3][-]{subsubsection.13.2.1}{Effet Faraday}{subsection.13.2}% 61
\BOOKMARK [1][-]{section.14}{Polarisation des ondes \351lectromagn\351tiques.}{}% 62
\BOOKMARK [2][-]{subsection.14.1}{Caract\350re vectoriel des ondes EM}{section.14}% 63
\BOOKMARK [2][-]{subsection.14.2}{Production d'onde EM polaris\351e}{section.14}% 64
\BOOKMARK [2][-]{subsection.14.3}{Analyse d'une lumi\350re polaris\351e elliptiquement}{section.14}% 65
\BOOKMARK [1][-]{section.15}{Production et mesure de champs magn\351tiques.}{}% 66
\BOOKMARK [2][-]{subsection.15.1}{Mesure du champ magn\351tique terrestre, boussole \(m\351thode des tangentes\)}{section.15}% 67
\BOOKMARK [2][-]{subsection.15.2}{Bobines de Helmoltz}{section.15}% 68
\BOOKMARK [2][-]{subsection.15.3}{Mesure du champ magn\351tique dans l'entrefer d'un \351lectroaimant}{section.15}% 69
\BOOKMARK [1][-]{section.16}{Milieux magn\351tiques.}{}% 70
\BOOKMARK [2][-]{subsection.16.1}{barreaux dans un champ magn\351tique}{section.16}% 71
\BOOKMARK [2][-]{subsection.16.2}{Mesure de la susceptibilit\351 magn\351tique d'un milieu para}{section.16}% 72
\BOOKMARK [2][-]{subsection.16.3}{Transition ferro-para, mesure de la temp\351rature de Curie}{section.16}% 73
\BOOKMARK [1][-]{section.17}{M\351taux.}{}% 74
\BOOKMARK [2][-]{subsection.17.1}{Mesure de la conductivit\351 thermique du cuivre}{section.17}% 75
\BOOKMARK [2][-]{subsection.17.2}{Mesure de la conductivit\351 \351lectrique du cuivre}{section.17}% 76
\BOOKMARK [2][-]{subsection.17.3}{Mesure de la pulsation plasma de certains m\351taux}{section.17}% 77
\BOOKMARK [1][-]{section.18}{Mat\351riaux semi-conducteurs.}{}% 78
\BOOKMARK [2][-]{subsection.18.1}{Influence de l'\351clairement}{section.18}% 79
\BOOKMARK [2][-]{subsection.18.2}{Influence de la temp\351rature}{section.18}% 80
\BOOKMARK [2][-]{subsection.18.3}{Effet Hall : mesure du nombre de porteurs de charges}{section.18}% 81
\BOOKMARK [1][-]{section.19}{Effets capacitifs.}{}% 82
\BOOKMARK [2][-]{subsection.19.1}{Condensateur plan d'Aepinius}{section.19}% 83
\BOOKMARK [2][-]{subsection.19.2}{Capteur de surface}{section.19}% 84
\BOOKMARK [2][-]{subsection.19.3}{Mesure de la capacit\351 d'un c\342ble coaxial}{section.19}% 85
\BOOKMARK [1][-]{section.20}{Induction, auto-induction.}{}% 86
\BOOKMARK [2][-]{subsection.20.1}{Passage d'un aimant dans une bobine}{section.20}% 87
\BOOKMARK [2][-]{subsection.20.2}{Mesure d'une inductance}{section.20}% 88
\BOOKMARK [2][-]{subsection.20.3}{Mesure d'une inductance mutuelle}{section.20}% 89
\BOOKMARK [1][-]{section.21}{Production et conversion d'\351nergie \351lectrique.}{}% 90
\BOOKMARK [2][-]{subsection.21.1}{Etude d'une cellule photovolta\357que}{section.21}% 91
\BOOKMARK [2][-]{subsection.21.2}{Conversion Alternatif-alternatif : le transformateur}{section.21}% 92
\BOOKMARK [2][-]{subsection.21.3}{Inter\352t de la conversion en haute tension}{section.21}% 93
\BOOKMARK [1][-]{section.22}{Amplification de signaux.}{}% 94
\BOOKMARK [2][-]{subsection.22.1}{Amplificateur op\351rationnel}{section.22}% 95
\BOOKMARK [2][-]{subsection.22.2}{Ampli en puissance : le push-pull}{section.22}% 96
\BOOKMARK [1][-]{section.23}{Mise en forme, transport et d\351tection de l'information.}{}% 97
\BOOKMARK [2][-]{subsection.23.1}{Modulation d'un signal en fr\351quence}{section.23}% 98
\BOOKMARK [2][-]{subsection.23.2}{Transport \(c\342ble\) coaxial}{section.23}% 99
\BOOKMARK [2][-]{subsection.23.3}{D\351modulation : boucle \340 verrouillage de phase}{section.23}% 100
\BOOKMARK [1][-]{section.24}{Signal et bruit.}{}% 101
\BOOKMARK [2][-]{subsection.24.1}{Origine du bruit : la quantification}{section.24}% 102
\BOOKMARK [2][-]{subsection.24.2}{D\351modulation synchrone de bruit}{section.24}% 103
\BOOKMARK [2][-]{subsection.24.3}{Mise en \351vidence du bruit thermique dans une r\351sistance}{section.24}% 104
\BOOKMARK [1][-]{section.25}{Mesure des fr\351quences temporelles \(domaine de l'optique exclu\).}{}% 105
\BOOKMARK [2][-]{subsection.25.1}{Mesure par comptage}{section.25}% 106
\BOOKMARK [2][-]{subsection.25.2}{Mesure par comparaison, d\351tection synchrone}{section.25}% 107
\BOOKMARK [2][-]{subsection.25.3}{Mesure avec pont de Wien}{section.25}% 108
\BOOKMARK [1][-]{section.26}{Mesure de longueurs}{}% 109
\BOOKMARK [2][-]{subsection.26.1}{T\351l\351m\351trie laser}{section.26}% 110
\BOOKMARK [2][-]{subsection.26.2}{T\351l\351m\351trie ultrason}{section.26}% 111
\BOOKMARK [2][-]{subsection.26.3}{Epaisseur d'une lame de verre par interf\351rom\351trie}{section.26}% 112
\BOOKMARK [2][-]{subsection.26.4}{Distance entre les plans du graphite}{section.26}% 113
\BOOKMARK [1][-]{section.27}{Syst\350mes boucl\351s.}{}% 114
\BOOKMARK [2][-]{subsection.27.1}{Eclairement asservi \(qualitative\)}{section.27}% 115
\BOOKMARK [2][-]{subsection.27.2}{Oscillateur \340 pont de Wien + montage ampli non inverseur}{section.27}% 116
\BOOKMARK [2][-]{subsection.27.3}{Idem avec l'oscillateur \340 quartz}{section.27}% 117
\BOOKMARK [1][-]{section.28}{Instabilit\351s et ph\351nom\350nes non-lin\351aires.}{}% 118
\BOOKMARK [2][-]{subsection.28.1}{Pendule simple}{section.28}% 119
\BOOKMARK [2][-]{subsection.28.2}{Bifurcation : Elastica}{section.28}% 120
\BOOKMARK [2][-]{subsection.28.3}{Oscillateur de Van der Pol}{section.28}% 121
\BOOKMARK [2][-]{subsection.28.4}{Bifurcation : Pendule conique tournant}{section.28}% 122
\BOOKMARK [1][-]{section.29}{Ondes : propagation et conditions aux limites.}{}% 123
\BOOKMARK [2][-]{subsection.29.1}{Cuve \340 ondes}{section.29}% 124
\BOOKMARK [2][-]{subsection.29.2}{Propagation guid\351e dans un c\342ble coaxial}{section.29}% 125
\BOOKMARK [2][-]{subsection.29.3}{Propagation guid\351e dans un tube \(acoustique\)}{section.29}% 126
\BOOKMARK [1][-]{section.30}{Acoustique.}{}% 127
\BOOKMARK [2][-]{subsection.30.1}{Production d'ondes sonores et battements}{section.30}% 128
\BOOKMARK [2][-]{subsection.30.2}{Propagation libre d'une onde sonore}{section.30}% 129
\BOOKMARK [2][-]{subsection.30.3}{Effet Doppler acoustique}{section.30}% 130
\BOOKMARK [1][-]{section.31}{R\351sonance.}{}% 131
\BOOKMARK [2][-]{subsection.31.1}{RLC \(Avec ou sans AO\)}{section.31}% 132
\BOOKMARK [2][-]{subsection.31.2}{Diapason}{section.31}% 133
\BOOKMARK [1][-]{section.32}{Couplage des oscillateurs.}{}% 134
\BOOKMARK [2][-]{subsection.32.1}{Pendules coupl\351s \(couplage \351lastique\)}{section.32}% 135
\BOOKMARK [2][-]{subsection.32.2}{LC coupl\351s \(couplage inertiel\) inductance mutuelle}{section.32}% 136
\BOOKMARK [2][-]{subsection.32.3}{Chaine d'oscillateurs : plaquette 8 LC inertiels ou c\342ble coaxial}{section.32}% 137
\BOOKMARK [1][-]{section.33}{R\351gimes transitoires.}{}% 138
\BOOKMARK [2][-]{subsection.33.1}{Diffusion du glyc\351rol dans l'eau}{section.33}% 139
\BOOKMARK [2][-]{subsection.33.2}{RLC+AO}{section.33}% 140
\BOOKMARK [2][-]{subsection.33.3}{Pont de Wien boucl\351}{section.33}% 141
\BOOKMARK [1][-]{section.34}{Ph\351nom\350nes de transport.}{}% 142
\BOOKMARK [2][-]{subsection.34.1}{Transport radiatif : mise en \351vidence de la loi de Stefan}{section.34}% 143
\BOOKMARK [2][-]{subsection.34.2}{Transport diffusif : mesure du coefficient de diffusion du glyc\351rol dans l'eau}{section.34}% 144
\BOOKMARK [2][-]{subsection.34.3}{Transport conductif : mesure de la conductivit\351 thermique du cuivre}{section.34}% 145
\BOOKMARK [2][-]{subsection.34.4}{Facultatif: Transport convectif}{section.34}% 146
\BOOKMARK [1][-]{section.35}{Moteurs.}{}% 147
\BOOKMARK [2][-]{subsection.35.1}{Rendement d'un moteur de Stirling}{section.35}% 148
\BOOKMARK [2][-]{subsection.35.2}{Moteur \340 courant continu}{section.35}% 149
\BOOKMARK [2][-]{subsection.35.3}{Moteur asynchrone}{section.35}% 150
